0 info it worked if it ends with ok
1 verbose cli [ 'node', '/usr/local/bin/npm', 'install', 'body-parser' ]
2 info using npm@1.4.28
3 info using node@v0.10.33
4 verbose readDependencies using package.json deps
5 verbose cache add [ 'body-parser', null ]
6 verbose cache add name=undefined spec="body-parser" args=["body-parser",null]
7 verbose parsed url { protocol: null,
7 verbose parsed url   slashes: null,
7 verbose parsed url   auth: null,
7 verbose parsed url   host: null,
7 verbose parsed url   port: null,
7 verbose parsed url   hostname: null,
7 verbose parsed url   hash: null,
7 verbose parsed url   search: null,
7 verbose parsed url   query: null,
7 verbose parsed url   pathname: 'body-parser',
7 verbose parsed url   path: 'body-parser',
7 verbose parsed url   href: 'body-parser' }
8 silly lockFile 14cf125c-body-parser body-parser
9 verbose lock body-parser /Users/umitaltuntas/.npm/14cf125c-body-parser.lock
10 silly lockFile 14cf125c-body-parser body-parser
11 silly lockFile 14cf125c-body-parser body-parser
12 verbose addNamed [ 'body-parser', '' ]
13 verbose addNamed [ null, '*' ]
14 silly lockFile 9f665704-body-parser body-parser@
15 verbose lock body-parser@ /Users/umitaltuntas/.npm/9f665704-body-parser.lock
16 silly addNameRange { name: 'body-parser', range: '*', hasData: false }
17 verbose request where is /body-parser
18 verbose request registry https://registry.npmjs.org/
19 verbose request id 1ad4208d64645107
20 verbose url raw /body-parser
21 verbose url resolving [ 'https://registry.npmjs.org/', './body-parser' ]
22 verbose url resolved https://registry.npmjs.org/body-parser
23 verbose request where is https://registry.npmjs.org/body-parser
24 info trying registry request attempt 1 at 23:37:36
25 verbose etag "3CQN6PTFA5GIYUFRX17N433B3"
26 http GET https://registry.npmjs.org/body-parser
27 http 304 https://registry.npmjs.org/body-parser
28 silly registry.get cb [ 304,
28 silly registry.get   { date: 'Sun, 04 Jan 2015 21:37:36 GMT',
28 silly registry.get     server: 'Apache',
28 silly registry.get     via: '1.1 varnish',
28 silly registry.get     'last-modified': 'Sun, 04 Jan 2015 21:37:08 GMT',
28 silly registry.get     'cache-control': 'max-age=60',
28 silly registry.get     etag: '"3CQN6PTFA5GIYUFRX17N433B3"',
28 silly registry.get     age: '37',
28 silly registry.get     'x-served-by': 'cache-fra1240-FRA',
28 silly registry.get     'x-cache': 'HIT',
28 silly registry.get     'x-cache-hits': '2',
28 silly registry.get     'x-timer': 'S1420407456.627439,VS0,VE0',
28 silly registry.get     vary: 'Accept',
28 silly registry.get     'content-length': '0',
28 silly registry.get     'keep-alive': 'timeout=10, max=50',
28 silly registry.get     connection: 'Keep-Alive' } ]
29 verbose etag https://registry.npmjs.org/body-parser from cache
30 silly addNameRange number 2 { name: 'body-parser', range: '*', hasData: true }
31 silly addNameRange versions [ 'body-parser',
31 silly addNameRange   [ '1.0.0',
31 silly addNameRange     '1.0.1',
31 silly addNameRange     '1.0.2',
31 silly addNameRange     '1.1.0',
31 silly addNameRange     '1.1.1',
31 silly addNameRange     '1.1.2',
31 silly addNameRange     '1.2.0',
31 silly addNameRange     '1.2.1',
31 silly addNameRange     '1.2.2',
31 silly addNameRange     '1.3.0',
31 silly addNameRange     '1.3.1',
31 silly addNameRange     '1.4.0',
31 silly addNameRange     '1.4.1',
31 silly addNameRange     '1.4.2',
31 silly addNameRange     '1.4.3',
31 silly addNameRange     '1.5.0',
31 silly addNameRange     '1.5.1',
31 silly addNameRange     '1.5.2',
31 silly addNameRange     '1.6.0',
31 silly addNameRange     '1.6.1',
31 silly addNameRange     '1.6.2',
31 silly addNameRange     '1.6.3',
31 silly addNameRange     '1.6.4',
31 silly addNameRange     '1.6.5',
31 silly addNameRange     '1.6.6',
31 silly addNameRange     '1.6.7',
31 silly addNameRange     '1.7.0',
31 silly addNameRange     '1.8.0',
31 silly addNameRange     '1.8.1',
31 silly addNameRange     '1.8.2',
31 silly addNameRange     '1.8.3',
31 silly addNameRange     '1.8.4',
31 silly addNameRange     '1.9.0',
31 silly addNameRange     '1.9.1',
31 silly addNameRange     '1.9.2',
31 silly addNameRange     '1.9.3',
31 silly addNameRange     '1.10.0',
31 silly addNameRange     '1.10.1' ] ]
32 verbose addNamed [ 'body-parser', '1.10.1' ]
33 verbose addNamed [ '1.10.1', '1.10.1' ]
34 silly lockFile 0f993b18-body-parser-1-10-1 body-parser@1.10.1
35 verbose lock body-parser@1.10.1 /Users/umitaltuntas/.npm/0f993b18-body-parser-1-10-1.lock
36 silly lockFile b9af5de0-dy-parser-body-parser-1-10-1-tgz https://registry.npmjs.org/body-parser/-/body-parser-1.10.1.tgz
37 verbose lock https://registry.npmjs.org/body-parser/-/body-parser-1.10.1.tgz /Users/umitaltuntas/.npm/b9af5de0-dy-parser-body-parser-1-10-1-tgz.lock
38 verbose addRemoteTarball [ 'https://registry.npmjs.org/body-parser/-/body-parser-1.10.1.tgz',
38 verbose addRemoteTarball   'af0c7156b128d946f3c43f5fe0364da00cfa7391' ]
39 info retry fetch attempt 1 at 23:37:36
40 verbose fetch to= /var/folders/dq/qt92664549v8hr7f8ktw71lr0000gn/T/npm-43283-4bwdHBHI/registry.npmjs.org/body-parser/-/body-parser-1.10.1.tgz
41 http GET https://registry.npmjs.org/body-parser/-/body-parser-1.10.1.tgz
42 http 200 https://registry.npmjs.org/body-parser/-/body-parser-1.10.1.tgz
43 silly lockFile b9af5de0-dy-parser-body-parser-1-10-1-tgz https://registry.npmjs.org/body-parser/-/body-parser-1.10.1.tgz
44 silly lockFile b9af5de0-dy-parser-body-parser-1-10-1-tgz https://registry.npmjs.org/body-parser/-/body-parser-1.10.1.tgz
45 silly lockFile 0f993b18-body-parser-1-10-1 body-parser@1.10.1
46 silly lockFile 0f993b18-body-parser-1-10-1 body-parser@1.10.1
47 silly lockFile 9f665704-body-parser body-parser@
48 silly lockFile 9f665704-body-parser body-parser@
49 error Error: EACCES, mkdir '/Users/umitaltuntas/.npm/body-parser/1.10.1'
49 error  { [Error: EACCES, mkdir '/Users/umitaltuntas/.npm/body-parser/1.10.1']
49 error   errno: 3,
49 error   code: 'EACCES',
49 error   path: '/Users/umitaltuntas/.npm/body-parser/1.10.1',
49 error   parent: 'employee-directory-api' }
50 error Please try running this command again as root/Administrator.
51 error System Darwin 14.0.0
52 error command "node" "/usr/local/bin/npm" "install" "body-parser"
53 error cwd /Users/umitaltuntas/Desktop/nodeserver
54 error node -v v0.10.33
55 error npm -v 1.4.28
56 error path /Users/umitaltuntas/.npm/body-parser/1.10.1
57 error code EACCES
58 error errno 3
59 error stack Error: EACCES, mkdir '/Users/umitaltuntas/.npm/body-parser/1.10.1'
60 verbose exit [ 3, true ]
